Using pre-set license
Built from '2020.3/staging' branch; Version is '2020.3.29f1 (2ff179115da0) revision 3142009'; Using compiler version '192528614'; Build Type 'Release'
OS: 'Windows 11  (10.0.22000) 64bit Education' Language: 'pl' Physical Memory: 16086 MB
BatchMode: 1, IsHumanControllingUs: 0, StartBugReporterOnCrash: 0, Is64bit: 1, IsPro: 0

COMMAND LINE ARGUMENTS:
C:\Program Files\Unity\Hub\Editor\2020.3.29f1\Editor\Unity.exe
-adb2
-batchMode
-noUpm
-name
AssetImportWorker0
-projectPath
C:/Users/dawid/Documents/retro blaster
-logFile
Logs/AssetImportWorker0.log
-srvPort
60279
Successfully changed project path to: C:/Users/dawid/Documents/retro blaster
C:/Users/dawid/Documents/retro blaster
Using Asset Import Pipeline V2.
Refreshing native plugins compatible for Editor in 39.39 ms, found 3 plugins.
Preloading 0 native plugins for Editor in 0.00 ms.
Initialize engine version: 2020.3.29f1 (2ff179115da0)
[Subsystems] Discovering subsystems at path C:/Program Files/Unity/Hub/Editor/2020.3.29f1/Editor/Data/Resources/UnitySubsystems
[Subsystems] Discovering subsystems at path C:/Users/dawid/Documents/retro blaster/Assets
GfxDevice: creating device client; threaded=0
Direct3D:
    Version:  Direct3D 11.0 [level 11.1]
    Renderer: NVIDIA GeForce GTX 1660 Ti with Max-Q Design (ID=0x2191)
    Vendor:   
    VRAM:     5991 MB
    Driver:   27.21.14.5183
Initialize mono
Mono path[0] = 'C:/Program Files/Unity/Hub/Editor/2020.3.29f1/Editor/Data/Managed'
Mono path[1] = 'C:/Program Files/Unity/Hub/Editor/2020.3.29f1/Editor/Data/MonoBleedingEdge/lib/mono/unityjit'
Mono config path = 'C:/Program Files/Unity/Hub/Editor/2020.3.29f1/Editor/Data/MonoBleedingEdge/etc'
Using monoOptions --debugger-agent=transport=dt_socket,embedding=1,server=y,suspend=n,address=127.0.0.1:56196
Begin MonoManager ReloadAssembly
Registering precompiled unity dll's ...
Register platform support module: C:/Program Files/Unity/Hub/Editor/2020.3.29f1/Editor/Data/PlaybackEngines/WebGLSupport/UnityEditor.WebGL.Extensions.dll
Register platform support module: C:/Program Files/Unity/Hub/Editor/2020.3.29f1/Editor/Data/PlaybackEngines/WindowsStandaloneSupport/UnityEditor.WindowsStandalone.Extensions.dll
Registered in 0.001244 seconds.
Native extension for WindowsStandalone target not found
Native extension for WebGL target not found
Refreshing native plugins compatible for Editor in 36.20 ms, found 3 plugins.
Preloading 0 native plugins for Editor in 0.00 ms.
Mono: successfully reloaded assembly
- Completed reload, in  0.483 seconds
Domain Reload Profiling:
	ReloadAssembly (483ms)
		BeginReloadAssembly (46ms)
			ExecutionOrderSort (0ms)
			DisableScriptedObjects (0ms)
			BackupInstance (0ms)
			ReleaseScriptingObjects (0ms)
			CreateAndSetChildDomain (1ms)
		EndReloadAssembly (382ms)
			LoadAssemblies (45ms)
			RebuildTransferFunctionScriptingTraits (0ms)
			SetupTypeCache (135ms)
			ReleaseScriptCaches (0ms)
			RebuildScriptCaches (26ms)
			SetupLoadedEditorAssemblies (140ms)
				LogAssemblyErrors (0ms)
				InitializePlatformSupportModulesInManaged (4ms)
				SetLoadedEditorAssemblies (0ms)
				RefreshPlugins (36ms)
				BeforeProcessingInitializeOnLoad (7ms)
				ProcessInitializeOnLoadAttributes (69ms)
				ProcessInitializeOnLoadMethodAttributes (23ms)
				AfterProcessingInitializeOnLoad (0ms)
				EditorAssembliesLoaded (0ms)
			ExecutionOrderSort2 (0ms)
			AwakeInstancesAfterBackupRestoration (0ms)
Platform modules already initialized, skipping
Registering precompiled user dll's ...
Registered in 0.002053 seconds.
Begin MonoManager ReloadAssembly
Native extension for WindowsStandalone target not found
Native extension for WebGL target not found
Refreshing native plugins compatible for Editor in 35.64 ms, found 3 plugins.
Preloading 0 native plugins for Editor in 0.00 ms.
Mono: successfully reloaded assembly
- Completed reload, in  0.930 seconds
Domain Reload Profiling:
	ReloadAssembly (931ms)
		BeginReloadAssembly (112ms)
			ExecutionOrderSort (0ms)
			DisableScriptedObjects (3ms)
			BackupInstance (0ms)
			ReleaseScriptingObjects (0ms)
			CreateAndSetChildDomain (16ms)
		EndReloadAssembly (769ms)
			LoadAssemblies (88ms)
			RebuildTransferFunctionScriptingTraits (0ms)
			SetupTypeCache (282ms)
			ReleaseScriptCaches (0ms)
			RebuildScriptCaches (37ms)
			SetupLoadedEditorAssemblies (273ms)
				LogAssemblyErrors (0ms)
				InitializePlatformSupportModulesInManaged (4ms)
				SetLoadedEditorAssemblies (0ms)
				RefreshPlugins (36ms)
				BeforeProcessingInitializeOnLoad (53ms)
				ProcessInitializeOnLoadAttributes (160ms)
				ProcessInitializeOnLoadMethodAttributes (16ms)
				AfterProcessingInitializeOnLoad (5ms)
				EditorAssembliesLoaded (0ms)
			ExecutionOrderSort2 (0ms)
			AwakeInstancesAfterBackupRestoration (6ms)
Platform modules already initialized, skipping
========================================================================
Worker process is ready to serve import requests
Launched and connected shader compiler UnityShaderCompiler.exe after 0.05 seconds
Refreshing native plugins compatible for Editor in 0.47 ms, found 3 plugins.
Preloading 0 native plugins for Editor in 0.00 ms.
Unloading 2203 Unused Serialized files (Serialized files now loaded: 0)
System memory in use before: 95.9 MB.
System memory in use after: 96.0 MB.

Unloading 25 unused Assets to reduce memory usage. Loaded Objects now: 2639.
Total: 2.944300 ms (FindLiveObjects: 0.128300 ms CreateObjectMapping: 0.073500 ms MarkObjects: 2.671400 ms  DeleteObjects: 0.069900 ms)

AssetImportParameters requested are different than current active one (requested -> active):
  custom:framework-win-MediaFoundation: 216162199b28c13a410421893ffa2e32 -> 
  custom:video-decoder-ogg-theora: a1e56fd34408186e4bbccfd4996cb3dc -> 
  custom:container-muxer-webm: aa71ff27fc2769a1b78a27578f13a17b -> 
  custom:container-demuxer-webm: 4f35f7cbe854078d1ac9338744f61a02 -> 
  custom:container-demuxer-ogg: 62fdf1f143b41e24485cea50d1cbac27 -> 
  custom:video-encoder-webm-vp8: eb34c28f22e8b96e1ab97ce403110664 -> 
  custom:video-decoder-webm-vp8: 9c59270c3fd7afecdb556c50c9e8de78 -> 
  custom:audio-decoder-ogg-vorbis: bf7c407c2cedff20999df2af8eb42d56 -> 
  custom:audio-encoder-webm-vorbis: bf7c407c2cedff20999df2af8eb42d56 -> 
========================================================================
Received Import Request.
  path: Assets/Background/Star_Sky.png
  artifactKey: Guid(7d0c71684f91cd14bbbec00a514b17c9) Importer(815301076,1909f56bfc062723c751e8b465ee728b)
Start importing Assets/Background/Star_Sky.png using Guid(7d0c71684f91cd14bbbec00a514b17c9) Importer(815301076,1909f56bfc062723c751e8b465ee728b)  -> (artifact id: '5cfa7d9c0dc388fffcf9ccdf292171bf') in 0.093578 seconds 
  Import took 0.097075 seconds .

========================================================================
Received Import Request.
  Time since last request: 0.000277 seconds.
  path: Assets/Background/ScrollBackground.cs
  artifactKey: Guid(33be076e070fad14aa361651c8b5b349) Importer(815301076,1909f56bfc062723c751e8b465ee728b)
Start importing Assets/Background/ScrollBackground.cs using Guid(33be076e070fad14aa361651c8b5b349) Importer(815301076,1909f56bfc062723c751e8b465ee728b)  -> (artifact id: '8135f3566069f838cade4d5979781462') in 0.017808 seconds 
  Import took 0.022909 seconds .

========================================================================
Received Import Request.
  Time since last request: 6.012656 seconds.
  path: Assets/Bullet/bullet.png
  artifactKey: Guid(2a915106cc185b44180e822ec28f2a46) Importer(815301076,1909f56bfc062723c751e8b465ee728b)
Start importing Assets/Bullet/bullet.png using Guid(2a915106cc185b44180e822ec28f2a46) Importer(815301076,1909f56bfc062723c751e8b465ee728b)  -> (artifact id: 'cb51dc725c16de3f06def83fbff91cc0') in 0.021822 seconds 
  Import took 0.026555 seconds .

========================================================================
Received Import Request.
  Time since last request: 0.000293 seconds.
  path: Assets/Bullet/Bullet.prefab
  artifactKey: Guid(e595d22271fc1734b805e669f9d57cec) Importer(815301076,1909f56bfc062723c751e8b465ee728b)
Start importing Assets/Bullet/Bullet.prefab using Guid(e595d22271fc1734b805e669f9d57cec) Importer(815301076,1909f56bfc062723c751e8b465ee728b)  -> (artifact id: '4bb472fee489725305ac90c9bddb109f') in 0.072360 seconds 
  Import took 0.075393 seconds .

========================================================================
Received Import Request.
  Time since last request: 1.947664 seconds.
  path: Assets/Bullet/Bullet.cs
  artifactKey: Guid(e3477320b237ad247a49ffe401f99bfe) Importer(815301076,1909f56bfc062723c751e8b465ee728b)
Start importing Assets/Bullet/Bullet.cs using Guid(e3477320b237ad247a49ffe401f99bfe) Importer(815301076,1909f56bfc062723c751e8b465ee728b)  -> (artifact id: '194281c1a001077852650b67e16f21dd') in 0.010250 seconds 
  Import took 0.014464 seconds .

========================================================================
Received Import Request.
  Time since last request: 5.326997 seconds.
  path: Assets/Meteor/meteor.png
  artifactKey: Guid(894923cee30f7ad49a9eaacf5f1033c3) Importer(815301076,1909f56bfc062723c751e8b465ee728b)
Start importing Assets/Meteor/meteor.png using Guid(894923cee30f7ad49a9eaacf5f1033c3) Importer(815301076,1909f56bfc062723c751e8b465ee728b)  -> (artifact id: 'b9666860a2040e0dc37a007a1f352d9a') in 0.089412 seconds 
  Import took 0.094662 seconds .

========================================================================
Received Import Request.
  Time since last request: 0.000339 seconds.
  path: Assets/Meteor/Meteor.prefab
  artifactKey: Guid(f765b8d41b4445d46afa5b8f7b2f0afd) Importer(815301076,1909f56bfc062723c751e8b465ee728b)
Start importing Assets/Meteor/Meteor.prefab using Guid(f765b8d41b4445d46afa5b8f7b2f0afd) Importer(815301076,1909f56bfc062723c751e8b465ee728b)  -> (artifact id: 'da6039a7a1fe0cde07164079418cdf2a') in 0.025155 seconds 
  Import took 0.029044 seconds .

========================================================================
Received Import Request.
  Time since last request: 3.436516 seconds.
  path: Assets/Meteor/MeteorMover.cs
  artifactKey: Guid(220e1c77d9046f740931ce697269bb28) Importer(815301076,1909f56bfc062723c751e8b465ee728b)
Start importing Assets/Meteor/MeteorMover.cs using Guid(220e1c77d9046f740931ce697269bb28) Importer(815301076,1909f56bfc062723c751e8b465ee728b)  -> (artifact id: 'c1c1fa47f18fdf3ea84f7b38764b1eee') in 0.011027 seconds 
  Import took 0.015524 seconds .

========================================================================
Received Import Request.
  Time since last request: 2.170501 seconds.
  path: Assets/Meteor/MeteorSpawn.cs
  artifactKey: Guid(518c3e9b2dffe25458ea02e34fb584e2) Importer(815301076,1909f56bfc062723c751e8b465ee728b)
Start importing Assets/Meteor/MeteorSpawn.cs using Guid(518c3e9b2dffe25458ea02e34fb584e2) Importer(815301076,1909f56bfc062723c751e8b465ee728b)  -> (artifact id: 'aca5775c7d7179df5109a61047732372') in 0.010316 seconds 
  Import took 0.015278 seconds .

========================================================================
Received Import Request.
  Time since last request: 5.916164 seconds.
  path: Assets/Scripts/DestroyOnTrigger.cs
  artifactKey: Guid(84ac28dd7f373af458a89e6bf3b903ab) Importer(815301076,1909f56bfc062723c751e8b465ee728b)
Start importing Assets/Scripts/DestroyOnTrigger.cs using Guid(84ac28dd7f373af458a89e6bf3b903ab) Importer(815301076,1909f56bfc062723c751e8b465ee728b)  -> (artifact id: '5f860dd205bbc194eb0bc8bece39a403') in 0.021914 seconds 
  Import took 0.025961 seconds .

========================================================================
Received Import Request.
  Time since last request: 2.087124 seconds.
  path: Assets/Spaceship/spaceship.png
  artifactKey: Guid(7da8e14fbf1898e4ca65235c2adaa1ce) Importer(815301076,1909f56bfc062723c751e8b465ee728b)
Start importing Assets/Spaceship/spaceship.png using Guid(7da8e14fbf1898e4ca65235c2adaa1ce) Importer(815301076,1909f56bfc062723c751e8b465ee728b)  -> (artifact id: '9fb702497d173d4ff647fdacda1c9d1d') in 0.035969 seconds 
  Import took 0.039752 seconds .

========================================================================
Received Import Request.
  Time since last request: 1.791602 seconds.
  path: Assets/Spaceship/ShipControl.cs
  artifactKey: Guid(b09332647a705c34b825446959ab1350) Importer(815301076,1909f56bfc062723c751e8b465ee728b)
Start importing Assets/Spaceship/ShipControl.cs using Guid(b09332647a705c34b825446959ab1350) Importer(815301076,1909f56bfc062723c751e8b465ee728b)  -> (artifact id: '8283c997e0870a5e5f0bac7fd23cfeca') in 0.011311 seconds 
  Import took 0.017044 seconds .

========================================================================
Received Import Request.
  Time since last request: 8.367771 seconds.
  path: Assets/Scenes/Main.unity
  artifactKey: Guid(2cda990e2423bbf4892e6590ba056729) Importer(815301076,1909f56bfc062723c751e8b465ee728b)
Start importing Assets/Scenes/Main.unity using Guid(2cda990e2423bbf4892e6590ba056729) Importer(815301076,1909f56bfc062723c751e8b465ee728b)  -> (artifact id: 'ca96576ab67156003664f1baacd614cd') in 0.011611 seconds 
  Import took 0.015031 seconds .

========================================================================
Received Prepare
Registering precompiled user dll's ...
Registered in 0.002565 seconds.
Begin MonoManager ReloadAssembly
Native extension for WindowsStandalone target not found
Native extension for WebGL target not found
Refreshing native plugins compatible for Editor in 0.38 ms, found 3 plugins.
Preloading 0 native plugins for Editor in 0.00 ms.
Mono: successfully reloaded assembly
- Completed reload, in  0.959 seconds
Domain Reload Profiling:
	ReloadAssembly (960ms)
		BeginReloadAssembly (122ms)
			ExecutionOrderSort (0ms)
			DisableScriptedObjects (5ms)
			BackupInstance (0ms)
			ReleaseScriptingObjects (0ms)
			CreateAndSetChildDomain (40ms)
		EndReloadAssembly (776ms)
			LoadAssemblies (103ms)
			RebuildTransferFunctionScriptingTraits (0ms)
			SetupTypeCache (334ms)
			ReleaseScriptCaches (1ms)
			RebuildScriptCaches (31ms)
			SetupLoadedEditorAssemblies (244ms)
				LogAssemblyErrors (0ms)
				InitializePlatformSupportModulesInManaged (4ms)
				SetLoadedEditorAssemblies (0ms)
				RefreshPlugins (0ms)
				BeforeProcessingInitializeOnLoad (49ms)
				ProcessInitializeOnLoadAttributes (173ms)
				ProcessInitializeOnLoadMethodAttributes (12ms)
				AfterProcessingInitializeOnLoad (4ms)
				EditorAssembliesLoaded (0ms)
			ExecutionOrderSort2 (0ms)
			AwakeInstancesAfterBackupRestoration (9ms)
Platform modules already initialized, skipping
Refreshing native plugins compatible for Editor in 0.49 ms, found 3 plugins.
Preloading 0 native plugins for Editor in 0.00 ms.
Unloading 2192 Unused Serialized files (Serialized files now loaded: 0)
System memory in use before: 98.3 MB.
System memory in use after: 98.4 MB.

Unloading 14 unused Assets to reduce memory usage. Loaded Objects now: 2683.
Total: 2.966400 ms (FindLiveObjects: 0.118800 ms CreateObjectMapping: 0.075700 ms MarkObjects: 2.734200 ms  DeleteObjects: 0.036200 ms)

AssetImportParameters requested are different than current active one (requested -> active):
  custom:framework-win-MediaFoundation: 216162199b28c13a410421893ffa2e32 -> 
  custom:video-decoder-ogg-theora: a1e56fd34408186e4bbccfd4996cb3dc -> 
  custom:container-muxer-webm: aa71ff27fc2769a1b78a27578f13a17b -> 
  custom:container-demuxer-webm: 4f35f7cbe854078d1ac9338744f61a02 -> 
  custom:container-demuxer-ogg: 62fdf1f143b41e24485cea50d1cbac27 -> 
  custom:video-encoder-webm-vp8: eb34c28f22e8b96e1ab97ce403110664 -> 
  custom:video-decoder-webm-vp8: 9c59270c3fd7afecdb556c50c9e8de78 -> 
  custom:audio-decoder-ogg-vorbis: bf7c407c2cedff20999df2af8eb42d56 -> 
  custom:audio-encoder-webm-vorbis: bf7c407c2cedff20999df2af8eb42d56 -> 
AssetImportWorkerClient::OnTransportError - code=2 error=End of file
